TimeQuest Timing Analyzer report for ula
Thu Aug 29 16:37:21 2019
Quartus II 64-Bit Version 13.0.1 Build 232 06/12/2013 Service Pack 1 SJ Web Edition


---------------------
; Table of Contents ;
---------------------
  1. Legal Notice
  2. TimeQuest Timing Analyzer Summary
  3. Parallel Compilation
  4. Clocks
  5. Slow Model Fmax Summary
  6. Slow Model Setup Summary
  7. Slow Model Hold Summary
  8. Slow Model Recovery Summary
  9. Slow Model Removal Summary
 10. Slow Model Minimum Pulse Width Summary
 11. Propagation Delay
 12. Minimum Propagation Delay
 13. Fast Model Setup Summary
 14. Fast Model Hold Summary
 15. Fast Model Recovery Summary
 16. Fast Model Removal Summary
 17. Fast Model Minimum Pulse Width Summary
 18. Propagation Delay
 19. Minimum Propagation Delay
 20. Multicorner Timing Analysis Summary
 21. Progagation Delay
 22. Minimum Progagation Delay
 23. Clock Transfers
 24. Report TCCS
 25. Report RSKM
 26. Unconstrained Paths
 27. TimeQuest Timing Analyzer Messages



----------------
; Legal Notice ;
----------------
Copyright (C) 1991-2013 Altera Corporation
Your use of Altera Corporation's design tools, logic functions 
and other software and tools, and its AMPP partner logic 
functions, and any output files from any of the foregoing 
(including device programming or simulation files), and any 
associated documentation or information are expressly subject 
to the terms and conditions of the Altera Program License 
Subscription Agreement, Altera MegaCore Function License 
Agreement, or other applicable license agreement, including, 
without limitation, that your use is for the sole purpose of 
programming logic devices manufactured by Altera and sold by 
Altera or its authorized distributors.  Please refer to the 
applicable agreement for further details.



+----------------------------------------------------------------------------------------+
; TimeQuest Timing Analyzer Summary                                                      ;
+--------------------+-------------------------------------------------------------------+
; Quartus II Version ; Version 13.0.1 Build 232 06/12/2013 Service Pack 1 SJ Web Edition ;
; Revision Name      ; ula                                                               ;
; Device Family      ; Cyclone II                                                        ;
; Device Name        ; EP2C35F672C6                                                      ;
; Timing Models      ; Final                                                             ;
; Delay Model        ; Combined                                                          ;
; Rise/Fall Delays   ; Unavailable                                                       ;
+--------------------+-------------------------------------------------------------------+


Parallel compilation was disabled, but you have multiple processors available. Enable parallel compilation to reduce compilation time.
+-------------------------------------+
; Parallel Compilation                ;
+----------------------------+--------+
; Processors                 ; Number ;
+----------------------------+--------+
; Number detected on machine ; 4      ;
; Maximum allowed            ; 1      ;
+----------------------------+--------+


----------
; Clocks ;
----------
No clocks to report.


---------------------------
; Slow Model Fmax Summary ;
---------------------------
No paths to report.


----------------------------
; Slow Model Setup Summary ;
----------------------------
No paths to report.


---------------------------
; Slow Model Hold Summary ;
---------------------------
No paths to report.


-------------------------------
; Slow Model Recovery Summary ;
-------------------------------
No paths to report.


------------------------------
; Slow Model Removal Summary ;
------------------------------
No paths to report.


------------------------------------------
; Slow Model Minimum Pulse Width Summary ;
------------------------------------------
No paths to report.


+----------------------------------------------------------------+
; Propagation Delay                                              ;
+--------------+-------------+--------+--------+--------+--------+
; Input Port   ; Output Port ; RR     ; RF     ; FR     ; FF     ;
+--------------+-------------+--------+--------+--------+--------+
; a[0]         ; p1[0]       ; 12.692 ; 12.692 ; 12.692 ; 12.692 ;
; a[0]         ; p1[3]       ; 12.920 ; 12.920 ; 12.920 ; 12.920 ;
; a[0]         ; p1[4]       ; 12.920 ; 12.920 ; 12.920 ; 12.920 ;
; a[0]         ; p1[5]       ; 12.918 ; 12.918 ; 12.918 ; 12.918 ;
; a[0]         ; p2[0]       ; 13.112 ; 13.112 ; 13.112 ; 13.112 ;
; a[0]         ; p2[3]       ; 12.938 ; 12.938 ; 12.938 ; 12.938 ;
; a[0]         ; p2[4]       ; 12.958 ; 12.958 ; 12.958 ; 12.958 ;
; a[0]         ; p2[5]       ; 12.937 ; 12.937 ; 12.937 ; 12.937 ;
; a[0]         ; p3[0]       ; 12.997 ; 12.997 ; 12.997 ; 12.997 ;
; a[0]         ; p3[3]       ; 12.970 ; 12.970 ; 12.970 ; 12.970 ;
; a[0]         ; p3[4]       ; 12.971 ; 12.971 ; 12.971 ; 12.971 ;
; a[0]         ; p3[5]       ; 12.971 ; 12.971 ; 12.971 ; 12.971 ;
; a[0]         ; p4[0]       ; 14.218 ; 14.218 ; 14.218 ; 14.218 ;
; a[0]         ; p4[3]       ; 14.486 ; 14.486 ; 14.486 ; 14.486 ;
; a[0]         ; p4[4]       ; 14.486 ; 14.486 ; 14.486 ; 14.486 ;
; a[0]         ; p4[5]       ; 14.507 ; 14.507 ; 14.507 ; 14.507 ;
; a[1]         ; p2[0]       ; 12.724 ; 12.724 ; 12.724 ; 12.724 ;
; a[1]         ; p2[3]       ; 12.550 ; 12.550 ; 12.550 ; 12.550 ;
; a[1]         ; p2[4]       ; 12.570 ; 12.570 ; 12.570 ; 12.570 ;
; a[1]         ; p2[5]       ; 12.549 ; 12.549 ; 12.549 ; 12.549 ;
; a[1]         ; p3[0]       ; 12.924 ; 12.924 ; 12.924 ; 12.924 ;
; a[1]         ; p3[3]       ; 12.897 ; 12.897 ; 12.897 ; 12.897 ;
; a[1]         ; p3[4]       ; 12.898 ; 12.898 ; 12.898 ; 12.898 ;
; a[1]         ; p3[5]       ; 12.898 ; 12.898 ; 12.898 ; 12.898 ;
; a[1]         ; p4[0]       ; 14.145 ; 14.145 ; 14.145 ; 14.145 ;
; a[1]         ; p4[3]       ; 14.413 ; 14.413 ; 14.413 ; 14.413 ;
; a[1]         ; p4[4]       ; 14.413 ; 14.413 ; 14.413 ; 14.413 ;
; a[1]         ; p4[5]       ; 14.434 ; 14.434 ; 14.434 ; 14.434 ;
; a[2]         ; p3[0]       ; 12.383 ; 12.383 ; 12.383 ; 12.383 ;
; a[2]         ; p3[3]       ; 12.356 ; 12.356 ; 12.356 ; 12.356 ;
; a[2]         ; p3[4]       ; 12.357 ; 12.357 ; 12.357 ; 12.357 ;
; a[2]         ; p3[5]       ; 12.357 ; 12.357 ; 12.357 ; 12.357 ;
; a[2]         ; p4[0]       ; 13.919 ; 13.919 ; 13.919 ; 13.919 ;
; a[2]         ; p4[3]       ; 14.187 ; 14.187 ; 14.187 ; 14.187 ;
; a[2]         ; p4[4]       ; 14.187 ; 14.187 ; 14.187 ; 14.187 ;
; a[2]         ; p4[5]       ; 14.208 ; 14.208 ; 14.208 ; 14.208 ;
; a[3]         ; p4[0]       ; 13.474 ; 13.474 ; 13.474 ; 13.474 ;
; a[3]         ; p4[3]       ; 13.742 ; 13.742 ; 13.742 ; 13.742 ;
; a[3]         ; p4[4]       ; 13.742 ; 13.742 ; 13.742 ; 13.742 ;
; a[3]         ; p4[5]       ; 13.763 ; 13.763 ; 13.763 ; 13.763 ;
; b[0]         ; p1[0]       ; 10.007 ; 10.007 ; 10.007 ; 10.007 ;
; b[0]         ; p1[3]       ; 10.235 ; 10.235 ; 10.235 ; 10.235 ;
; b[0]         ; p1[4]       ; 10.235 ; 10.235 ; 10.235 ; 10.235 ;
; b[0]         ; p1[5]       ; 10.233 ; 10.233 ; 10.233 ; 10.233 ;
; b[0]         ; p2[0]       ; 10.428 ; 10.428 ; 10.428 ; 10.428 ;
; b[0]         ; p2[3]       ; 10.254 ; 10.254 ; 10.254 ; 10.254 ;
; b[0]         ; p2[4]       ; 10.274 ; 10.274 ; 10.274 ; 10.274 ;
; b[0]         ; p2[5]       ; 10.253 ; 10.253 ; 10.253 ; 10.253 ;
; b[0]         ; p3[0]       ; 10.313 ; 10.313 ; 10.313 ; 10.313 ;
; b[0]         ; p3[3]       ; 10.286 ; 10.286 ; 10.286 ; 10.286 ;
; b[0]         ; p3[4]       ; 10.287 ; 10.287 ; 10.287 ; 10.287 ;
; b[0]         ; p3[5]       ; 10.287 ; 10.287 ; 10.287 ; 10.287 ;
; b[0]         ; p4[0]       ; 11.534 ; 11.534 ; 11.534 ; 11.534 ;
; b[0]         ; p4[3]       ; 11.802 ; 11.802 ; 11.802 ; 11.802 ;
; b[0]         ; p4[4]       ; 11.802 ; 11.802 ; 11.802 ; 11.802 ;
; b[0]         ; p4[5]       ; 11.823 ; 11.823 ; 11.823 ; 11.823 ;
; b[1]         ; p2[0]       ; 9.319  ; 9.319  ; 9.319  ; 9.319  ;
; b[1]         ; p2[3]       ; 9.145  ; 9.145  ; 9.145  ; 9.145  ;
; b[1]         ; p2[4]       ; 9.165  ; 9.165  ; 9.165  ; 9.165  ;
; b[1]         ; p2[5]       ; 9.144  ; 9.144  ; 9.144  ; 9.144  ;
; b[1]         ; p3[0]       ; 9.516  ; 9.516  ; 9.516  ; 9.516  ;
; b[1]         ; p3[3]       ; 9.489  ; 9.489  ; 9.489  ; 9.489  ;
; b[1]         ; p3[4]       ; 9.490  ; 9.490  ; 9.490  ; 9.490  ;
; b[1]         ; p3[5]       ; 9.490  ; 9.490  ; 9.490  ; 9.490  ;
; b[1]         ; p4[0]       ; 10.737 ; 10.737 ; 10.737 ; 10.737 ;
; b[1]         ; p4[3]       ; 11.005 ; 11.005 ; 11.005 ; 11.005 ;
; b[1]         ; p4[4]       ; 11.005 ; 11.005 ; 11.005 ; 11.005 ;
; b[1]         ; p4[5]       ; 11.026 ; 11.026 ; 11.026 ; 11.026 ;
; b[2]         ; p3[0]       ; 9.371  ; 9.371  ; 9.371  ; 9.371  ;
; b[2]         ; p3[3]       ; 9.344  ; 9.344  ; 9.344  ; 9.344  ;
; b[2]         ; p3[4]       ; 9.345  ; 9.345  ; 9.345  ; 9.345  ;
; b[2]         ; p3[5]       ; 9.345  ; 9.345  ; 9.345  ; 9.345  ;
; b[2]         ; p4[0]       ; 10.908 ; 10.908 ; 10.908 ; 10.908 ;
; b[2]         ; p4[3]       ; 11.176 ; 11.176 ; 11.176 ; 11.176 ;
; b[2]         ; p4[4]       ; 11.176 ; 11.176 ; 11.176 ; 11.176 ;
; b[2]         ; p4[5]       ; 11.197 ; 11.197 ; 11.197 ; 11.197 ;
; b[3]         ; p4[0]       ; 10.501 ; 10.501 ; 10.501 ; 10.501 ;
; b[3]         ; p4[3]       ; 10.769 ; 10.769 ; 10.769 ; 10.769 ;
; b[3]         ; p4[4]       ; 10.769 ; 10.769 ; 10.769 ; 10.769 ;
; b[3]         ; p4[5]       ; 10.790 ; 10.790 ; 10.790 ; 10.790 ;
; selection[0] ; p1[0]       ; 10.107 ; 10.107 ; 10.107 ; 10.107 ;
; selection[0] ; p1[3]       ; 10.335 ; 10.335 ; 10.335 ; 10.335 ;
; selection[0] ; p1[4]       ; 10.335 ; 10.335 ; 10.335 ; 10.335 ;
; selection[0] ; p1[5]       ; 10.333 ; 10.333 ; 10.333 ; 10.333 ;
; selection[0] ; p2[0]       ; 10.696 ; 10.696 ; 10.696 ; 10.696 ;
; selection[0] ; p2[3]       ; 10.522 ; 10.522 ; 10.522 ; 10.522 ;
; selection[0] ; p2[4]       ; 10.542 ; 10.542 ; 10.542 ; 10.542 ;
; selection[0] ; p2[5]       ; 10.521 ; 10.521 ; 10.521 ; 10.521 ;
; selection[0] ; p3[0]       ; 10.526 ; 10.526 ; 10.526 ; 10.526 ;
; selection[0] ; p3[3]       ; 10.499 ; 10.499 ; 10.499 ; 10.499 ;
; selection[0] ; p3[4]       ; 10.500 ; 10.500 ; 10.500 ; 10.500 ;
; selection[0] ; p3[5]       ; 10.500 ; 10.500 ; 10.500 ; 10.500 ;
; selection[0] ; p4[0]       ; 11.863 ; 11.863 ; 11.863 ; 11.863 ;
; selection[0] ; p4[3]       ; 12.131 ; 12.131 ; 12.131 ; 12.131 ;
; selection[0] ; p4[4]       ; 12.131 ; 12.131 ; 12.131 ; 12.131 ;
; selection[0] ; p4[5]       ; 12.152 ; 12.152 ; 12.152 ; 12.152 ;
; selection[1] ; p1[0]       ; 9.454  ; 9.454  ; 9.454  ; 9.454  ;
; selection[1] ; p1[3]       ; 9.682  ; 9.682  ; 9.682  ; 9.682  ;
; selection[1] ; p1[4]       ; 9.682  ; 9.682  ; 9.682  ; 9.682  ;
; selection[1] ; p1[5]       ; 9.680  ; 9.680  ; 9.680  ; 9.680  ;
; selection[1] ; p2[0]       ; 10.606 ; 10.606 ; 10.606 ; 10.606 ;
; selection[1] ; p2[3]       ; 10.432 ; 10.432 ; 10.432 ; 10.432 ;
; selection[1] ; p2[4]       ; 10.452 ; 10.452 ; 10.452 ; 10.452 ;
; selection[1] ; p2[5]       ; 10.431 ; 10.431 ; 10.431 ; 10.431 ;
; selection[1] ; p3[0]       ; 9.678  ; 9.678  ; 9.678  ; 9.678  ;
; selection[1] ; p3[3]       ; 9.651  ; 9.651  ; 9.651  ; 9.651  ;
; selection[1] ; p3[4]       ; 9.652  ; 9.652  ; 9.652  ; 9.652  ;
; selection[1] ; p3[5]       ; 9.652  ; 9.652  ; 9.652  ; 9.652  ;
; selection[1] ; p4[0]       ; 11.344 ; 11.344 ; 11.344 ; 11.344 ;
; selection[1] ; p4[3]       ; 11.612 ; 11.612 ; 11.612 ; 11.612 ;
; selection[1] ; p4[4]       ; 11.612 ; 11.612 ; 11.612 ; 11.612 ;
; selection[1] ; p4[5]       ; 11.633 ; 11.633 ; 11.633 ; 11.633 ;
; selection[2] ; p1[0]       ; 9.326  ; 9.326  ; 9.326  ; 9.326  ;
; selection[2] ; p1[3]       ; 9.554  ; 9.554  ; 9.554  ; 9.554  ;
; selection[2] ; p1[4]       ; 9.554  ; 9.554  ; 9.554  ; 9.554  ;
; selection[2] ; p1[5]       ; 9.552  ; 9.552  ; 9.552  ; 9.552  ;
; selection[2] ; p2[0]       ; 10.475 ; 10.475 ; 10.475 ; 10.475 ;
; selection[2] ; p2[3]       ; 10.301 ; 10.301 ; 10.301 ; 10.301 ;
; selection[2] ; p2[4]       ; 10.321 ; 10.321 ; 10.321 ; 10.321 ;
; selection[2] ; p2[5]       ; 10.300 ; 10.300 ; 10.300 ; 10.300 ;
; selection[2] ; p3[0]       ; 9.547  ; 9.547  ; 9.547  ; 9.547  ;
; selection[2] ; p3[3]       ; 9.520  ; 9.520  ; 9.520  ; 9.520  ;
; selection[2] ; p3[4]       ; 9.521  ; 9.521  ; 9.521  ; 9.521  ;
; selection[2] ; p3[5]       ; 9.521  ; 9.521  ; 9.521  ; 9.521  ;
; selection[2] ; p4[0]       ; 11.213 ; 11.213 ; 11.213 ; 11.213 ;
; selection[2] ; p4[3]       ; 11.481 ; 11.481 ; 11.481 ; 11.481 ;
; selection[2] ; p4[4]       ; 11.481 ; 11.481 ; 11.481 ; 11.481 ;
; selection[2] ; p4[5]       ; 11.502 ; 11.502 ; 11.502 ; 11.502 ;
+--------------+-------------+--------+--------+--------+--------+


+----------------------------------------------------------------+
; Minimum Propagation Delay                                      ;
+--------------+-------------+--------+--------+--------+--------+
; Input Port   ; Output Port ; RR     ; RF     ; FR     ; FF     ;
+--------------+-------------+--------+--------+--------+--------+
; a[0]         ; p1[0]       ; 11.655 ; 11.695 ; 11.695 ; 11.655 ;
; a[0]         ; p1[3]       ; 11.883 ; 11.923 ; 11.923 ; 11.883 ;
; a[0]         ; p1[4]       ; 11.883 ; 11.923 ; 11.923 ; 11.883 ;
; a[0]         ; p1[5]       ; 11.881 ; 11.921 ; 11.921 ; 11.881 ;
; a[0]         ; p2[0]       ; 13.112 ; 13.112 ; 13.112 ; 13.112 ;
; a[0]         ; p2[3]       ; 12.938 ; 12.938 ; 12.938 ; 12.938 ;
; a[0]         ; p2[4]       ; 12.958 ; 12.958 ; 12.958 ; 12.958 ;
; a[0]         ; p2[5]       ; 12.937 ; 12.937 ; 12.937 ; 12.937 ;
; a[0]         ; p3[0]       ; 12.997 ; 12.997 ; 12.997 ; 12.997 ;
; a[0]         ; p3[3]       ; 12.970 ; 12.970 ; 12.970 ; 12.970 ;
; a[0]         ; p3[4]       ; 12.971 ; 12.971 ; 12.971 ; 12.971 ;
; a[0]         ; p3[5]       ; 12.971 ; 12.971 ; 12.971 ; 12.971 ;
; a[0]         ; p4[0]       ; 14.218 ; 14.218 ; 14.218 ; 14.218 ;
; a[0]         ; p4[3]       ; 14.486 ; 14.486 ; 14.486 ; 14.486 ;
; a[0]         ; p4[4]       ; 14.486 ; 14.486 ; 14.486 ; 14.486 ;
; a[0]         ; p4[5]       ; 14.507 ; 14.507 ; 14.507 ; 14.507 ;
; a[1]         ; p2[0]       ; 12.155 ; 12.694 ; 12.694 ; 12.155 ;
; a[1]         ; p2[3]       ; 11.981 ; 12.520 ; 12.520 ; 11.981 ;
; a[1]         ; p2[4]       ; 12.001 ; 12.540 ; 12.540 ; 12.001 ;
; a[1]         ; p2[5]       ; 11.980 ; 12.519 ; 12.519 ; 11.980 ;
; a[1]         ; p3[0]       ; 12.924 ; 12.924 ; 12.924 ; 12.924 ;
; a[1]         ; p3[3]       ; 12.897 ; 12.897 ; 12.897 ; 12.897 ;
; a[1]         ; p3[4]       ; 12.898 ; 12.898 ; 12.898 ; 12.898 ;
; a[1]         ; p3[5]       ; 12.898 ; 12.898 ; 12.898 ; 12.898 ;
; a[1]         ; p4[0]       ; 14.145 ; 14.145 ; 14.145 ; 14.145 ;
; a[1]         ; p4[3]       ; 14.413 ; 14.413 ; 14.413 ; 14.413 ;
; a[1]         ; p4[4]       ; 14.413 ; 14.413 ; 14.413 ; 14.413 ;
; a[1]         ; p4[5]       ; 14.434 ; 14.434 ; 14.434 ; 14.434 ;
; a[2]         ; p3[0]       ; 12.026 ; 12.133 ; 12.133 ; 12.026 ;
; a[2]         ; p3[3]       ; 11.999 ; 12.106 ; 12.106 ; 11.999 ;
; a[2]         ; p3[4]       ; 12.000 ; 12.107 ; 12.107 ; 12.000 ;
; a[2]         ; p3[5]       ; 12.000 ; 12.107 ; 12.107 ; 12.000 ;
; a[2]         ; p4[0]       ; 13.919 ; 13.919 ; 13.919 ; 13.919 ;
; a[2]         ; p4[3]       ; 14.187 ; 14.187 ; 14.187 ; 14.187 ;
; a[2]         ; p4[4]       ; 14.187 ; 14.187 ; 14.187 ; 14.187 ;
; a[2]         ; p4[5]       ; 14.208 ; 14.208 ; 14.208 ; 14.208 ;
; a[3]         ; p4[0]       ; 12.874 ; 13.328 ; 13.328 ; 12.874 ;
; a[3]         ; p4[3]       ; 13.142 ; 13.596 ; 13.596 ; 13.142 ;
; a[3]         ; p4[4]       ; 13.142 ; 13.596 ; 13.596 ; 13.142 ;
; a[3]         ; p4[5]       ; 13.163 ; 13.617 ; 13.617 ; 13.163 ;
; b[0]         ; p1[0]       ; 8.082  ; 8.826  ; 8.826  ; 8.082  ;
; b[0]         ; p1[3]       ; 8.310  ; 9.054  ; 9.054  ; 8.310  ;
; b[0]         ; p1[4]       ; 8.310  ; 9.054  ; 9.054  ; 8.310  ;
; b[0]         ; p1[5]       ; 8.308  ; 9.052  ; 9.052  ; 8.308  ;
; b[0]         ; p2[0]       ; 10.428 ; 10.428 ; 10.428 ; 10.428 ;
; b[0]         ; p2[3]       ; 10.254 ; 10.254 ; 10.254 ; 10.254 ;
; b[0]         ; p2[4]       ; 10.274 ; 10.274 ; 10.274 ; 10.274 ;
; b[0]         ; p2[5]       ; 10.253 ; 10.253 ; 10.253 ; 10.253 ;
; b[0]         ; p3[0]       ; 10.313 ; 10.313 ; 10.313 ; 10.313 ;
; b[0]         ; p3[3]       ; 10.286 ; 10.286 ; 10.286 ; 10.286 ;
; b[0]         ; p3[4]       ; 10.287 ; 10.287 ; 10.287 ; 10.287 ;
; b[0]         ; p3[5]       ; 10.287 ; 10.287 ; 10.287 ; 10.287 ;
; b[0]         ; p4[0]       ; 11.534 ; 11.534 ; 11.534 ; 11.534 ;
; b[0]         ; p4[3]       ; 11.802 ; 11.802 ; 11.802 ; 11.802 ;
; b[0]         ; p4[4]       ; 11.802 ; 11.802 ; 11.802 ; 11.802 ;
; b[0]         ; p4[5]       ; 11.823 ; 11.823 ; 11.823 ; 11.823 ;
; b[1]         ; p2[0]       ; 8.258  ; 8.435  ; 8.435  ; 8.258  ;
; b[1]         ; p2[3]       ; 8.084  ; 8.261  ; 8.261  ; 8.084  ;
; b[1]         ; p2[4]       ; 8.104  ; 8.281  ; 8.281  ; 8.104  ;
; b[1]         ; p2[5]       ; 8.083  ; 8.260  ; 8.260  ; 8.083  ;
; b[1]         ; p3[0]       ; 9.516  ; 9.516  ; 9.516  ; 9.516  ;
; b[1]         ; p3[3]       ; 9.489  ; 9.489  ; 9.489  ; 9.489  ;
; b[1]         ; p3[4]       ; 9.490  ; 9.490  ; 9.490  ; 9.490  ;
; b[1]         ; p3[5]       ; 9.490  ; 9.490  ; 9.490  ; 9.490  ;
; b[1]         ; p4[0]       ; 10.737 ; 10.737 ; 10.737 ; 10.737 ;
; b[1]         ; p4[3]       ; 11.005 ; 11.005 ; 11.005 ; 11.005 ;
; b[1]         ; p4[4]       ; 11.005 ; 11.005 ; 11.005 ; 11.005 ;
; b[1]         ; p4[5]       ; 11.026 ; 11.026 ; 11.026 ; 11.026 ;
; b[2]         ; p3[0]       ; 8.173  ; 8.542  ; 8.542  ; 8.173  ;
; b[2]         ; p3[3]       ; 8.146  ; 8.515  ; 8.515  ; 8.146  ;
; b[2]         ; p3[4]       ; 8.147  ; 8.516  ; 8.516  ; 8.147  ;
; b[2]         ; p3[5]       ; 8.147  ; 8.516  ; 8.516  ; 8.147  ;
; b[2]         ; p4[0]       ; 10.908 ; 10.908 ; 10.908 ; 10.908 ;
; b[2]         ; p4[3]       ; 11.176 ; 11.176 ; 11.176 ; 11.176 ;
; b[2]         ; p4[4]       ; 11.176 ; 11.176 ; 11.176 ; 11.176 ;
; b[2]         ; p4[5]       ; 11.197 ; 11.197 ; 11.197 ; 11.197 ;
; b[3]         ; p4[0]       ; 9.308  ; 9.602  ; 9.602  ; 9.308  ;
; b[3]         ; p4[3]       ; 9.576  ; 9.870  ; 9.870  ; 9.576  ;
; b[3]         ; p4[4]       ; 9.576  ; 9.870  ; 9.870  ; 9.576  ;
; b[3]         ; p4[5]       ; 9.597  ; 9.891  ; 9.891  ; 9.597  ;
; selection[0] ; p1[0]       ; 7.980  ; 7.980  ; 7.980  ; 7.980  ;
; selection[0] ; p1[3]       ; 8.195  ; 8.195  ; 8.195  ; 8.195  ;
; selection[0] ; p1[4]       ; 8.195  ; 8.195  ; 8.195  ; 8.195  ;
; selection[0] ; p1[5]       ; 8.191  ; 8.191  ; 8.191  ; 8.191  ;
; selection[0] ; p2[0]       ; 8.482  ; 8.482  ; 8.482  ; 8.482  ;
; selection[0] ; p2[3]       ; 8.773  ; 8.773  ; 8.773  ; 8.773  ;
; selection[0] ; p2[4]       ; 8.793  ; 8.793  ; 8.793  ; 8.793  ;
; selection[0] ; p2[5]       ; 8.800  ; 8.800  ; 8.800  ; 8.800  ;
; selection[0] ; p3[0]       ; 8.820  ; 8.820  ; 8.820  ; 8.820  ;
; selection[0] ; p3[3]       ; 8.852  ; 8.852  ; 8.852  ; 8.852  ;
; selection[0] ; p3[4]       ; 8.792  ; 8.792  ; 8.792  ; 8.792  ;
; selection[0] ; p3[5]       ; 8.792  ; 8.792  ; 8.792  ; 8.792  ;
; selection[0] ; p4[0]       ; 8.772  ; 8.772  ; 8.772  ; 8.772  ;
; selection[0] ; p4[3]       ; 9.133  ; 9.133  ; 9.133  ; 9.133  ;
; selection[0] ; p4[4]       ; 9.133  ; 9.133  ; 9.133  ; 9.133  ;
; selection[0] ; p4[5]       ; 9.068  ; 9.068  ; 9.068  ; 9.068  ;
; selection[1] ; p1[0]       ; 7.612  ; 7.612  ; 7.612  ; 7.612  ;
; selection[1] ; p1[3]       ; 7.840  ; 7.840  ; 7.840  ; 7.840  ;
; selection[1] ; p1[4]       ; 7.840  ; 7.840  ; 7.840  ; 7.840  ;
; selection[1] ; p1[5]       ; 7.838  ; 7.838  ; 7.838  ; 7.838  ;
; selection[1] ; p2[0]       ; 8.330  ; 8.330  ; 8.330  ; 8.330  ;
; selection[1] ; p2[3]       ; 8.156  ; 8.156  ; 8.156  ; 8.156  ;
; selection[1] ; p2[4]       ; 8.176  ; 8.176  ; 8.176  ; 8.176  ;
; selection[1] ; p2[5]       ; 8.155  ; 8.155  ; 8.155  ; 8.155  ;
; selection[1] ; p3[0]       ; 8.382  ; 8.382  ; 8.382  ; 8.382  ;
; selection[1] ; p3[3]       ; 8.355  ; 8.355  ; 8.355  ; 8.355  ;
; selection[1] ; p3[4]       ; 8.356  ; 8.356  ; 8.356  ; 8.356  ;
; selection[1] ; p3[5]       ; 8.356  ; 8.356  ; 8.356  ; 8.356  ;
; selection[1] ; p4[0]       ; 8.684  ; 8.684  ; 8.684  ; 8.684  ;
; selection[1] ; p4[3]       ; 9.045  ; 9.045  ; 9.045  ; 9.045  ;
; selection[1] ; p4[4]       ; 9.045  ; 9.045  ; 9.045  ; 9.045  ;
; selection[1] ; p4[5]       ; 8.980  ; 8.980  ; 8.980  ; 8.980  ;
; selection[2] ; p1[0]       ; 7.486  ; 7.486  ; 7.486  ; 7.486  ;
; selection[2] ; p1[3]       ; 7.714  ; 7.714  ; 7.714  ; 7.714  ;
; selection[2] ; p1[4]       ; 7.714  ; 7.714  ; 7.714  ; 7.714  ;
; selection[2] ; p1[5]       ; 7.712  ; 7.712  ; 7.712  ; 7.712  ;
; selection[2] ; p2[0]       ; 8.227  ; 8.227  ; 8.227  ; 8.227  ;
; selection[2] ; p2[3]       ; 8.053  ; 8.053  ; 8.053  ; 8.053  ;
; selection[2] ; p2[4]       ; 8.073  ; 8.073  ; 8.073  ; 8.073  ;
; selection[2] ; p2[5]       ; 8.052  ; 8.052  ; 8.052  ; 8.052  ;
; selection[2] ; p3[0]       ; 7.986  ; 7.986  ; 7.986  ; 7.986  ;
; selection[2] ; p3[3]       ; 7.959  ; 7.959  ; 7.959  ; 7.959  ;
; selection[2] ; p3[4]       ; 7.960  ; 7.960  ; 7.960  ; 7.960  ;
; selection[2] ; p3[5]       ; 7.960  ; 7.960  ; 7.960  ; 7.960  ;
; selection[2] ; p4[0]       ; 8.558  ; 8.558  ; 8.558  ; 8.558  ;
; selection[2] ; p4[3]       ; 8.919  ; 8.919  ; 8.919  ; 8.919  ;
; selection[2] ; p4[4]       ; 8.919  ; 8.919  ; 8.919  ; 8.919  ;
; selection[2] ; p4[5]       ; 8.854  ; 8.854  ; 8.854  ; 8.854  ;
+--------------+-------------+--------+--------+--------+--------+


----------------------------
; Fast Model Setup Summary ;
----------------------------
No paths to report.


---------------------------
; Fast Model Hold Summary ;
---------------------------
No paths to report.


-------------------------------
; Fast Model Recovery Summary ;
-------------------------------
No paths to report.


------------------------------
; Fast Model Removal Summary ;
------------------------------
No paths to report.


------------------------------------------
; Fast Model Minimum Pulse Width Summary ;
------------------------------------------
No paths to report.


+------------------------------------------------------------+
; Propagation Delay                                          ;
+--------------+-------------+-------+-------+-------+-------+
; Input Port   ; Output Port ; RR    ; RF    ; FR    ; FF    ;
+--------------+-------------+-------+-------+-------+-------+
; a[0]         ; p1[0]       ; 6.775 ; 6.775 ; 6.775 ; 6.775 ;
; a[0]         ; p1[3]       ; 6.883 ; 6.883 ; 6.883 ; 6.883 ;
; a[0]         ; p1[4]       ; 6.883 ; 6.883 ; 6.883 ; 6.883 ;
; a[0]         ; p1[5]       ; 6.880 ; 6.880 ; 6.880 ; 6.880 ;
; a[0]         ; p2[0]       ; 6.989 ; 6.989 ; 6.989 ; 6.989 ;
; a[0]         ; p2[3]       ; 6.853 ; 6.853 ; 6.853 ; 6.853 ;
; a[0]         ; p2[4]       ; 6.873 ; 6.873 ; 6.873 ; 6.873 ;
; a[0]         ; p2[5]       ; 6.855 ; 6.855 ; 6.855 ; 6.855 ;
; a[0]         ; p3[0]       ; 6.930 ; 6.930 ; 6.930 ; 6.930 ;
; a[0]         ; p3[3]       ; 6.917 ; 6.917 ; 6.917 ; 6.917 ;
; a[0]         ; p3[4]       ; 6.908 ; 6.908 ; 6.908 ; 6.908 ;
; a[0]         ; p3[5]       ; 6.908 ; 6.908 ; 6.908 ; 6.908 ;
; a[0]         ; p4[0]       ; 7.410 ; 7.410 ; 7.410 ; 7.410 ;
; a[0]         ; p4[3]       ; 7.531 ; 7.531 ; 7.531 ; 7.531 ;
; a[0]         ; p4[4]       ; 7.531 ; 7.531 ; 7.531 ; 7.531 ;
; a[0]         ; p4[5]       ; 7.539 ; 7.539 ; 7.539 ; 7.539 ;
; a[1]         ; p2[0]       ; 6.844 ; 6.844 ; 6.844 ; 6.844 ;
; a[1]         ; p2[3]       ; 6.708 ; 6.708 ; 6.708 ; 6.708 ;
; a[1]         ; p2[4]       ; 6.728 ; 6.728 ; 6.728 ; 6.728 ;
; a[1]         ; p2[5]       ; 6.710 ; 6.710 ; 6.710 ; 6.710 ;
; a[1]         ; p3[0]       ; 6.890 ; 6.890 ; 6.890 ; 6.890 ;
; a[1]         ; p3[3]       ; 6.877 ; 6.877 ; 6.877 ; 6.877 ;
; a[1]         ; p3[4]       ; 6.868 ; 6.868 ; 6.868 ; 6.868 ;
; a[1]         ; p3[5]       ; 6.868 ; 6.868 ; 6.868 ; 6.868 ;
; a[1]         ; p4[0]       ; 7.370 ; 7.370 ; 7.370 ; 7.370 ;
; a[1]         ; p4[3]       ; 7.491 ; 7.491 ; 7.491 ; 7.491 ;
; a[1]         ; p4[4]       ; 7.491 ; 7.491 ; 7.491 ; 7.491 ;
; a[1]         ; p4[5]       ; 7.499 ; 7.499 ; 7.499 ; 7.499 ;
; a[2]         ; p3[0]       ; 6.705 ; 6.705 ; 6.705 ; 6.705 ;
; a[2]         ; p3[3]       ; 6.692 ; 6.692 ; 6.692 ; 6.692 ;
; a[2]         ; p3[4]       ; 6.683 ; 6.683 ; 6.683 ; 6.683 ;
; a[2]         ; p3[5]       ; 6.683 ; 6.683 ; 6.683 ; 6.683 ;
; a[2]         ; p4[0]       ; 7.290 ; 7.290 ; 7.290 ; 7.290 ;
; a[2]         ; p4[3]       ; 7.411 ; 7.411 ; 7.411 ; 7.411 ;
; a[2]         ; p4[4]       ; 7.411 ; 7.411 ; 7.411 ; 7.411 ;
; a[2]         ; p4[5]       ; 7.419 ; 7.419 ; 7.419 ; 7.419 ;
; a[3]         ; p4[0]       ; 7.114 ; 7.114 ; 7.114 ; 7.114 ;
; a[3]         ; p4[3]       ; 7.235 ; 7.235 ; 7.235 ; 7.235 ;
; a[3]         ; p4[4]       ; 7.235 ; 7.235 ; 7.235 ; 7.235 ;
; a[3]         ; p4[5]       ; 7.243 ; 7.243 ; 7.243 ; 7.243 ;
; b[0]         ; p1[0]       ; 4.989 ; 4.989 ; 4.989 ; 4.989 ;
; b[0]         ; p1[3]       ; 5.097 ; 5.097 ; 5.097 ; 5.097 ;
; b[0]         ; p1[4]       ; 5.097 ; 5.097 ; 5.097 ; 5.097 ;
; b[0]         ; p1[5]       ; 5.094 ; 5.094 ; 5.094 ; 5.094 ;
; b[0]         ; p2[0]       ; 5.201 ; 5.201 ; 5.201 ; 5.201 ;
; b[0]         ; p2[3]       ; 5.065 ; 5.065 ; 5.065 ; 5.065 ;
; b[0]         ; p2[4]       ; 5.085 ; 5.085 ; 5.085 ; 5.085 ;
; b[0]         ; p2[5]       ; 5.067 ; 5.067 ; 5.067 ; 5.067 ;
; b[0]         ; p3[0]       ; 5.142 ; 5.142 ; 5.142 ; 5.142 ;
; b[0]         ; p3[3]       ; 5.129 ; 5.129 ; 5.129 ; 5.129 ;
; b[0]         ; p3[4]       ; 5.120 ; 5.120 ; 5.120 ; 5.120 ;
; b[0]         ; p3[5]       ; 5.120 ; 5.120 ; 5.120 ; 5.120 ;
; b[0]         ; p4[0]       ; 5.622 ; 5.622 ; 5.622 ; 5.622 ;
; b[0]         ; p4[3]       ; 5.743 ; 5.743 ; 5.743 ; 5.743 ;
; b[0]         ; p4[4]       ; 5.743 ; 5.743 ; 5.743 ; 5.743 ;
; b[0]         ; p4[5]       ; 5.751 ; 5.751 ; 5.751 ; 5.751 ;
; b[1]         ; p2[0]       ; 4.681 ; 4.681 ; 4.681 ; 4.681 ;
; b[1]         ; p2[3]       ; 4.545 ; 4.545 ; 4.545 ; 4.545 ;
; b[1]         ; p2[4]       ; 4.565 ; 4.565 ; 4.565 ; 4.565 ;
; b[1]         ; p2[5]       ; 4.547 ; 4.547 ; 4.547 ; 4.547 ;
; b[1]         ; p3[0]       ; 4.725 ; 4.725 ; 4.725 ; 4.725 ;
; b[1]         ; p3[3]       ; 4.712 ; 4.712 ; 4.712 ; 4.712 ;
; b[1]         ; p3[4]       ; 4.703 ; 4.703 ; 4.703 ; 4.703 ;
; b[1]         ; p3[5]       ; 4.703 ; 4.703 ; 4.703 ; 4.703 ;
; b[1]         ; p4[0]       ; 5.205 ; 5.205 ; 5.205 ; 5.205 ;
; b[1]         ; p4[3]       ; 5.326 ; 5.326 ; 5.326 ; 5.326 ;
; b[1]         ; p4[4]       ; 5.326 ; 5.326 ; 5.326 ; 5.326 ;
; b[1]         ; p4[5]       ; 5.334 ; 5.334 ; 5.334 ; 5.334 ;
; b[2]         ; p3[0]       ; 4.709 ; 4.709 ; 4.709 ; 4.709 ;
; b[2]         ; p3[3]       ; 4.696 ; 4.696 ; 4.696 ; 4.696 ;
; b[2]         ; p3[4]       ; 4.687 ; 4.687 ; 4.687 ; 4.687 ;
; b[2]         ; p3[5]       ; 4.687 ; 4.687 ; 4.687 ; 4.687 ;
; b[2]         ; p4[0]       ; 5.292 ; 5.292 ; 5.292 ; 5.292 ;
; b[2]         ; p4[3]       ; 5.413 ; 5.413 ; 5.413 ; 5.413 ;
; b[2]         ; p4[4]       ; 5.413 ; 5.413 ; 5.413 ; 5.413 ;
; b[2]         ; p4[5]       ; 5.421 ; 5.421 ; 5.421 ; 5.421 ;
; b[3]         ; p4[0]       ; 5.142 ; 5.142 ; 5.142 ; 5.142 ;
; b[3]         ; p4[3]       ; 5.263 ; 5.263 ; 5.263 ; 5.263 ;
; b[3]         ; p4[4]       ; 5.263 ; 5.263 ; 5.263 ; 5.263 ;
; b[3]         ; p4[5]       ; 5.271 ; 5.271 ; 5.271 ; 5.271 ;
; selection[0] ; p1[0]       ; 5.014 ; 5.014 ; 5.014 ; 5.014 ;
; selection[0] ; p1[3]       ; 5.122 ; 5.122 ; 5.122 ; 5.122 ;
; selection[0] ; p1[4]       ; 5.122 ; 5.122 ; 5.122 ; 5.122 ;
; selection[0] ; p1[5]       ; 5.119 ; 5.119 ; 5.119 ; 5.119 ;
; selection[0] ; p2[0]       ; 5.347 ; 5.347 ; 5.347 ; 5.347 ;
; selection[0] ; p2[3]       ; 5.211 ; 5.211 ; 5.211 ; 5.211 ;
; selection[0] ; p2[4]       ; 5.231 ; 5.231 ; 5.231 ; 5.231 ;
; selection[0] ; p2[5]       ; 5.213 ; 5.213 ; 5.213 ; 5.213 ;
; selection[0] ; p3[0]       ; 5.219 ; 5.219 ; 5.219 ; 5.219 ;
; selection[0] ; p3[3]       ; 5.206 ; 5.206 ; 5.206 ; 5.206 ;
; selection[0] ; p3[4]       ; 5.197 ; 5.197 ; 5.197 ; 5.197 ;
; selection[0] ; p3[5]       ; 5.197 ; 5.197 ; 5.197 ; 5.197 ;
; selection[0] ; p4[0]       ; 5.748 ; 5.748 ; 5.748 ; 5.748 ;
; selection[0] ; p4[3]       ; 5.869 ; 5.869 ; 5.869 ; 5.869 ;
; selection[0] ; p4[4]       ; 5.869 ; 5.869 ; 5.869 ; 5.869 ;
; selection[0] ; p4[5]       ; 5.877 ; 5.877 ; 5.877 ; 5.877 ;
; selection[1] ; p1[0]       ; 4.732 ; 4.732 ; 4.732 ; 4.732 ;
; selection[1] ; p1[3]       ; 4.840 ; 4.840 ; 4.840 ; 4.840 ;
; selection[1] ; p1[4]       ; 4.840 ; 4.840 ; 4.840 ; 4.840 ;
; selection[1] ; p1[5]       ; 4.837 ; 4.837 ; 4.837 ; 4.837 ;
; selection[1] ; p2[0]       ; 5.298 ; 5.298 ; 5.298 ; 5.298 ;
; selection[1] ; p2[3]       ; 5.162 ; 5.162 ; 5.162 ; 5.162 ;
; selection[1] ; p2[4]       ; 5.182 ; 5.182 ; 5.182 ; 5.182 ;
; selection[1] ; p2[5]       ; 5.164 ; 5.164 ; 5.164 ; 5.164 ;
; selection[1] ; p3[0]       ; 4.858 ; 4.858 ; 4.858 ; 4.858 ;
; selection[1] ; p3[3]       ; 4.845 ; 4.845 ; 4.845 ; 4.845 ;
; selection[1] ; p3[4]       ; 4.836 ; 4.836 ; 4.836 ; 4.836 ;
; selection[1] ; p3[5]       ; 4.836 ; 4.836 ; 4.836 ; 4.836 ;
; selection[1] ; p4[0]       ; 5.529 ; 5.529 ; 5.529 ; 5.529 ;
; selection[1] ; p4[3]       ; 5.650 ; 5.650 ; 5.650 ; 5.650 ;
; selection[1] ; p4[4]       ; 5.650 ; 5.650 ; 5.650 ; 5.650 ;
; selection[1] ; p4[5]       ; 5.658 ; 5.658 ; 5.658 ; 5.658 ;
; selection[2] ; p1[0]       ; 4.673 ; 4.673 ; 4.673 ; 4.673 ;
; selection[2] ; p1[3]       ; 4.781 ; 4.781 ; 4.781 ; 4.781 ;
; selection[2] ; p1[4]       ; 4.781 ; 4.781 ; 4.781 ; 4.781 ;
; selection[2] ; p1[5]       ; 4.778 ; 4.778 ; 4.778 ; 4.778 ;
; selection[2] ; p2[0]       ; 5.261 ; 5.261 ; 5.261 ; 5.261 ;
; selection[2] ; p2[3]       ; 5.125 ; 5.125 ; 5.125 ; 5.125 ;
; selection[2] ; p2[4]       ; 5.145 ; 5.145 ; 5.145 ; 5.145 ;
; selection[2] ; p2[5]       ; 5.127 ; 5.127 ; 5.127 ; 5.127 ;
; selection[2] ; p3[0]       ; 4.821 ; 4.821 ; 4.821 ; 4.821 ;
; selection[2] ; p3[3]       ; 4.808 ; 4.808 ; 4.808 ; 4.808 ;
; selection[2] ; p3[4]       ; 4.799 ; 4.799 ; 4.799 ; 4.799 ;
; selection[2] ; p3[5]       ; 4.799 ; 4.799 ; 4.799 ; 4.799 ;
; selection[2] ; p4[0]       ; 5.492 ; 5.492 ; 5.492 ; 5.492 ;
; selection[2] ; p4[3]       ; 5.613 ; 5.613 ; 5.613 ; 5.613 ;
; selection[2] ; p4[4]       ; 5.613 ; 5.613 ; 5.613 ; 5.613 ;
; selection[2] ; p4[5]       ; 5.621 ; 5.621 ; 5.621 ; 5.621 ;
+--------------+-------------+-------+-------+-------+-------+


+------------------------------------------------------------+
; Minimum Propagation Delay                                  ;
+--------------+-------------+-------+-------+-------+-------+
; Input Port   ; Output Port ; RR    ; RF    ; FR    ; FF    ;
+--------------+-------------+-------+-------+-------+-------+
; a[0]         ; p1[0]       ; 6.349 ; 6.360 ; 6.360 ; 6.349 ;
; a[0]         ; p1[3]       ; 6.457 ; 6.468 ; 6.468 ; 6.457 ;
; a[0]         ; p1[4]       ; 6.457 ; 6.468 ; 6.468 ; 6.457 ;
; a[0]         ; p1[5]       ; 6.454 ; 6.465 ; 6.465 ; 6.454 ;
; a[0]         ; p2[0]       ; 6.989 ; 6.989 ; 6.989 ; 6.989 ;
; a[0]         ; p2[3]       ; 6.853 ; 6.853 ; 6.853 ; 6.853 ;
; a[0]         ; p2[4]       ; 6.873 ; 6.873 ; 6.873 ; 6.873 ;
; a[0]         ; p2[5]       ; 6.855 ; 6.855 ; 6.855 ; 6.855 ;
; a[0]         ; p3[0]       ; 6.930 ; 6.930 ; 6.930 ; 6.930 ;
; a[0]         ; p3[3]       ; 6.917 ; 6.917 ; 6.917 ; 6.917 ;
; a[0]         ; p3[4]       ; 6.908 ; 6.908 ; 6.908 ; 6.908 ;
; a[0]         ; p3[5]       ; 6.908 ; 6.908 ; 6.908 ; 6.908 ;
; a[0]         ; p4[0]       ; 7.410 ; 7.410 ; 7.410 ; 7.410 ;
; a[0]         ; p4[3]       ; 7.531 ; 7.531 ; 7.531 ; 7.531 ;
; a[0]         ; p4[4]       ; 7.531 ; 7.531 ; 7.531 ; 7.531 ;
; a[0]         ; p4[5]       ; 7.539 ; 7.539 ; 7.539 ; 7.539 ;
; a[1]         ; p2[0]       ; 6.608 ; 6.836 ; 6.836 ; 6.608 ;
; a[1]         ; p2[3]       ; 6.472 ; 6.700 ; 6.700 ; 6.472 ;
; a[1]         ; p2[4]       ; 6.492 ; 6.720 ; 6.720 ; 6.492 ;
; a[1]         ; p2[5]       ; 6.474 ; 6.702 ; 6.702 ; 6.474 ;
; a[1]         ; p3[0]       ; 6.890 ; 6.890 ; 6.890 ; 6.890 ;
; a[1]         ; p3[3]       ; 6.877 ; 6.877 ; 6.877 ; 6.877 ;
; a[1]         ; p3[4]       ; 6.868 ; 6.868 ; 6.868 ; 6.868 ;
; a[1]         ; p3[5]       ; 6.868 ; 6.868 ; 6.868 ; 6.868 ;
; a[1]         ; p4[0]       ; 7.370 ; 7.370 ; 7.370 ; 7.370 ;
; a[1]         ; p4[3]       ; 7.491 ; 7.491 ; 7.491 ; 7.491 ;
; a[1]         ; p4[4]       ; 7.491 ; 7.491 ; 7.491 ; 7.491 ;
; a[1]         ; p4[5]       ; 7.499 ; 7.499 ; 7.499 ; 7.499 ;
; a[2]         ; p3[0]       ; 6.548 ; 6.586 ; 6.586 ; 6.548 ;
; a[2]         ; p3[3]       ; 6.535 ; 6.573 ; 6.573 ; 6.535 ;
; a[2]         ; p3[4]       ; 6.526 ; 6.564 ; 6.564 ; 6.526 ;
; a[2]         ; p3[5]       ; 6.526 ; 6.564 ; 6.564 ; 6.526 ;
; a[2]         ; p4[0]       ; 7.290 ; 7.290 ; 7.290 ; 7.290 ;
; a[2]         ; p4[3]       ; 7.411 ; 7.411 ; 7.411 ; 7.411 ;
; a[2]         ; p4[4]       ; 7.411 ; 7.411 ; 7.411 ; 7.411 ;
; a[2]         ; p4[5]       ; 7.419 ; 7.419 ; 7.419 ; 7.419 ;
; a[3]         ; p4[0]       ; 6.879 ; 7.055 ; 7.055 ; 6.879 ;
; a[3]         ; p4[3]       ; 7.000 ; 7.176 ; 7.176 ; 7.000 ;
; a[3]         ; p4[4]       ; 7.000 ; 7.176 ; 7.176 ; 7.000 ;
; a[3]         ; p4[5]       ; 7.008 ; 7.184 ; 7.184 ; 7.008 ;
; b[0]         ; p1[0]       ; 4.173 ; 4.477 ; 4.477 ; 4.173 ;
; b[0]         ; p1[3]       ; 4.281 ; 4.585 ; 4.585 ; 4.281 ;
; b[0]         ; p1[4]       ; 4.281 ; 4.585 ; 4.585 ; 4.281 ;
; b[0]         ; p1[5]       ; 4.278 ; 4.582 ; 4.582 ; 4.278 ;
; b[0]         ; p2[0]       ; 5.201 ; 5.201 ; 5.201 ; 5.201 ;
; b[0]         ; p2[3]       ; 5.065 ; 5.065 ; 5.065 ; 5.065 ;
; b[0]         ; p2[4]       ; 5.085 ; 5.085 ; 5.085 ; 5.085 ;
; b[0]         ; p2[5]       ; 5.067 ; 5.067 ; 5.067 ; 5.067 ;
; b[0]         ; p3[0]       ; 5.142 ; 5.142 ; 5.142 ; 5.142 ;
; b[0]         ; p3[3]       ; 5.129 ; 5.129 ; 5.129 ; 5.129 ;
; b[0]         ; p3[4]       ; 5.120 ; 5.120 ; 5.120 ; 5.120 ;
; b[0]         ; p3[5]       ; 5.120 ; 5.120 ; 5.120 ; 5.120 ;
; b[0]         ; p4[0]       ; 5.622 ; 5.622 ; 5.622 ; 5.622 ;
; b[0]         ; p4[3]       ; 5.743 ; 5.743 ; 5.743 ; 5.743 ;
; b[0]         ; p4[4]       ; 5.743 ; 5.743 ; 5.743 ; 5.743 ;
; b[0]         ; p4[5]       ; 5.751 ; 5.751 ; 5.751 ; 5.751 ;
; b[1]         ; p2[0]       ; 4.239 ; 4.317 ; 4.317 ; 4.239 ;
; b[1]         ; p2[3]       ; 4.103 ; 4.181 ; 4.181 ; 4.103 ;
; b[1]         ; p2[4]       ; 4.123 ; 4.201 ; 4.201 ; 4.123 ;
; b[1]         ; p2[5]       ; 4.105 ; 4.183 ; 4.183 ; 4.105 ;
; b[1]         ; p3[0]       ; 4.725 ; 4.725 ; 4.725 ; 4.725 ;
; b[1]         ; p3[3]       ; 4.712 ; 4.712 ; 4.712 ; 4.712 ;
; b[1]         ; p3[4]       ; 4.703 ; 4.703 ; 4.703 ; 4.703 ;
; b[1]         ; p3[5]       ; 4.703 ; 4.703 ; 4.703 ; 4.703 ;
; b[1]         ; p4[0]       ; 5.205 ; 5.205 ; 5.205 ; 5.205 ;
; b[1]         ; p4[3]       ; 5.326 ; 5.326 ; 5.326 ; 5.326 ;
; b[1]         ; p4[4]       ; 5.326 ; 5.326 ; 5.326 ; 5.326 ;
; b[1]         ; p4[5]       ; 5.334 ; 5.334 ; 5.334 ; 5.334 ;
; b[2]         ; p3[0]       ; 4.193 ; 4.344 ; 4.344 ; 4.193 ;
; b[2]         ; p3[3]       ; 4.180 ; 4.331 ; 4.331 ; 4.180 ;
; b[2]         ; p3[4]       ; 4.171 ; 4.322 ; 4.322 ; 4.171 ;
; b[2]         ; p3[5]       ; 4.171 ; 4.322 ; 4.322 ; 4.171 ;
; b[2]         ; p4[0]       ; 5.292 ; 5.292 ; 5.292 ; 5.292 ;
; b[2]         ; p4[3]       ; 5.413 ; 5.413 ; 5.413 ; 5.413 ;
; b[2]         ; p4[4]       ; 5.413 ; 5.413 ; 5.413 ; 5.413 ;
; b[2]         ; p4[5]       ; 5.421 ; 5.421 ; 5.421 ; 5.421 ;
; b[3]         ; p4[0]       ; 4.646 ; 4.761 ; 4.761 ; 4.646 ;
; b[3]         ; p4[3]       ; 4.767 ; 4.882 ; 4.882 ; 4.767 ;
; b[3]         ; p4[4]       ; 4.767 ; 4.882 ; 4.882 ; 4.767 ;
; b[3]         ; p4[5]       ; 4.775 ; 4.890 ; 4.890 ; 4.775 ;
; selection[0] ; p1[0]       ; 4.123 ; 4.123 ; 4.123 ; 4.123 ;
; selection[0] ; p1[3]       ; 4.222 ; 4.222 ; 4.222 ; 4.222 ;
; selection[0] ; p1[4]       ; 4.222 ; 4.222 ; 4.222 ; 4.222 ;
; selection[0] ; p1[5]       ; 4.217 ; 4.217 ; 4.217 ; 4.217 ;
; selection[0] ; p2[0]       ; 4.339 ; 4.339 ; 4.339 ; 4.339 ;
; selection[0] ; p2[3]       ; 4.466 ; 4.466 ; 4.466 ; 4.466 ;
; selection[0] ; p2[4]       ; 4.486 ; 4.486 ; 4.486 ; 4.486 ;
; selection[0] ; p2[5]       ; 4.492 ; 4.492 ; 4.492 ; 4.492 ;
; selection[0] ; p3[0]       ; 4.512 ; 4.512 ; 4.512 ; 4.512 ;
; selection[0] ; p3[3]       ; 4.543 ; 4.543 ; 4.543 ; 4.543 ;
; selection[0] ; p3[4]       ; 4.495 ; 4.495 ; 4.495 ; 4.495 ;
; selection[0] ; p3[5]       ; 4.495 ; 4.495 ; 4.495 ; 4.495 ;
; selection[0] ; p4[0]       ; 4.475 ; 4.475 ; 4.475 ; 4.475 ;
; selection[0] ; p4[3]       ; 4.663 ; 4.663 ; 4.663 ; 4.663 ;
; selection[0] ; p4[4]       ; 4.663 ; 4.663 ; 4.663 ; 4.663 ;
; selection[0] ; p4[5]       ; 4.608 ; 4.608 ; 4.608 ; 4.608 ;
; selection[1] ; p1[0]       ; 3.956 ; 3.956 ; 3.956 ; 3.956 ;
; selection[1] ; p1[3]       ; 4.064 ; 4.064 ; 4.064 ; 4.064 ;
; selection[1] ; p1[4]       ; 4.064 ; 4.064 ; 4.064 ; 4.064 ;
; selection[1] ; p1[5]       ; 4.061 ; 4.061 ; 4.061 ; 4.061 ;
; selection[1] ; p2[0]       ; 4.309 ; 4.309 ; 4.309 ; 4.309 ;
; selection[1] ; p2[3]       ; 4.173 ; 4.173 ; 4.173 ; 4.173 ;
; selection[1] ; p2[4]       ; 4.193 ; 4.193 ; 4.193 ; 4.193 ;
; selection[1] ; p2[5]       ; 4.175 ; 4.175 ; 4.175 ; 4.175 ;
; selection[1] ; p3[0]       ; 4.306 ; 4.306 ; 4.306 ; 4.306 ;
; selection[1] ; p3[3]       ; 4.293 ; 4.293 ; 4.293 ; 4.293 ;
; selection[1] ; p3[4]       ; 4.284 ; 4.284 ; 4.284 ; 4.284 ;
; selection[1] ; p3[5]       ; 4.284 ; 4.284 ; 4.284 ; 4.284 ;
; selection[1] ; p4[0]       ; 4.446 ; 4.446 ; 4.446 ; 4.446 ;
; selection[1] ; p4[3]       ; 4.634 ; 4.634 ; 4.634 ; 4.634 ;
; selection[1] ; p4[4]       ; 4.634 ; 4.634 ; 4.634 ; 4.634 ;
; selection[1] ; p4[5]       ; 4.579 ; 4.579 ; 4.579 ; 4.579 ;
; selection[2] ; p1[0]       ; 3.895 ; 3.895 ; 3.895 ; 3.895 ;
; selection[2] ; p1[3]       ; 4.003 ; 4.003 ; 4.003 ; 4.003 ;
; selection[2] ; p1[4]       ; 4.003 ; 4.003 ; 4.003 ; 4.003 ;
; selection[2] ; p1[5]       ; 4.000 ; 4.000 ; 4.000 ; 4.000 ;
; selection[2] ; p2[0]       ; 4.231 ; 4.231 ; 4.231 ; 4.231 ;
; selection[2] ; p2[3]       ; 4.154 ; 4.154 ; 4.154 ; 4.154 ;
; selection[2] ; p2[4]       ; 4.174 ; 4.174 ; 4.174 ; 4.174 ;
; selection[2] ; p2[5]       ; 4.156 ; 4.156 ; 4.156 ; 4.156 ;
; selection[2] ; p3[0]       ; 4.138 ; 4.138 ; 4.138 ; 4.138 ;
; selection[2] ; p3[3]       ; 4.125 ; 4.125 ; 4.125 ; 4.125 ;
; selection[2] ; p3[4]       ; 4.116 ; 4.116 ; 4.116 ; 4.116 ;
; selection[2] ; p3[5]       ; 4.116 ; 4.116 ; 4.116 ; 4.116 ;
; selection[2] ; p4[0]       ; 4.367 ; 4.367 ; 4.367 ; 4.367 ;
; selection[2] ; p4[3]       ; 4.555 ; 4.555 ; 4.555 ; 4.555 ;
; selection[2] ; p4[4]       ; 4.555 ; 4.555 ; 4.555 ; 4.555 ;
; selection[2] ; p4[5]       ; 4.500 ; 4.500 ; 4.500 ; 4.500 ;
+--------------+-------------+-------+-------+-------+-------+


+----------------------------------------------------------------------------+
; Multicorner Timing Analysis Summary                                        ;
+------------------+-------+------+----------+---------+---------------------+
; Clock            ; Setup ; Hold ; Recovery ; Removal ; Minimum Pulse Width ;
+------------------+-------+------+----------+---------+---------------------+
; Worst-case Slack ; N/A   ; N/A  ; N/A      ; N/A     ; N/A                 ;
; Design-wide TNS  ; 0.0   ; 0.0  ; 0.0      ; 0.0     ; 0.0                 ;
+------------------+-------+------+----------+---------+---------------------+


+----------------------------------------------------------------+
; Progagation Delay                                              ;
+--------------+-------------+--------+--------+--------+--------+
; Input Port   ; Output Port ; RR     ; RF     ; FR     ; FF     ;
+--------------+-------------+--------+--------+--------+--------+
; a[0]         ; p1[0]       ; 12.692 ; 12.692 ; 12.692 ; 12.692 ;
; a[0]         ; p1[3]       ; 12.920 ; 12.920 ; 12.920 ; 12.920 ;
; a[0]         ; p1[4]       ; 12.920 ; 12.920 ; 12.920 ; 12.920 ;
; a[0]         ; p1[5]       ; 12.918 ; 12.918 ; 12.918 ; 12.918 ;
; a[0]         ; p2[0]       ; 13.112 ; 13.112 ; 13.112 ; 13.112 ;
; a[0]         ; p2[3]       ; 12.938 ; 12.938 ; 12.938 ; 12.938 ;
; a[0]         ; p2[4]       ; 12.958 ; 12.958 ; 12.958 ; 12.958 ;
; a[0]         ; p2[5]       ; 12.937 ; 12.937 ; 12.937 ; 12.937 ;
; a[0]         ; p3[0]       ; 12.997 ; 12.997 ; 12.997 ; 12.997 ;
; a[0]         ; p3[3]       ; 12.970 ; 12.970 ; 12.970 ; 12.970 ;
; a[0]         ; p3[4]       ; 12.971 ; 12.971 ; 12.971 ; 12.971 ;
; a[0]         ; p3[5]       ; 12.971 ; 12.971 ; 12.971 ; 12.971 ;
; a[0]         ; p4[0]       ; 14.218 ; 14.218 ; 14.218 ; 14.218 ;
; a[0]         ; p4[3]       ; 14.486 ; 14.486 ; 14.486 ; 14.486 ;
; a[0]         ; p4[4]       ; 14.486 ; 14.486 ; 14.486 ; 14.486 ;
; a[0]         ; p4[5]       ; 14.507 ; 14.507 ; 14.507 ; 14.507 ;
; a[1]         ; p2[0]       ; 12.724 ; 12.724 ; 12.724 ; 12.724 ;
; a[1]         ; p2[3]       ; 12.550 ; 12.550 ; 12.550 ; 12.550 ;
; a[1]         ; p2[4]       ; 12.570 ; 12.570 ; 12.570 ; 12.570 ;
; a[1]         ; p2[5]       ; 12.549 ; 12.549 ; 12.549 ; 12.549 ;
; a[1]         ; p3[0]       ; 12.924 ; 12.924 ; 12.924 ; 12.924 ;
; a[1]         ; p3[3]       ; 12.897 ; 12.897 ; 12.897 ; 12.897 ;
; a[1]         ; p3[4]       ; 12.898 ; 12.898 ; 12.898 ; 12.898 ;
; a[1]         ; p3[5]       ; 12.898 ; 12.898 ; 12.898 ; 12.898 ;
; a[1]         ; p4[0]       ; 14.145 ; 14.145 ; 14.145 ; 14.145 ;
; a[1]         ; p4[3]       ; 14.413 ; 14.413 ; 14.413 ; 14.413 ;
; a[1]         ; p4[4]       ; 14.413 ; 14.413 ; 14.413 ; 14.413 ;
; a[1]         ; p4[5]       ; 14.434 ; 14.434 ; 14.434 ; 14.434 ;
; a[2]         ; p3[0]       ; 12.383 ; 12.383 ; 12.383 ; 12.383 ;
; a[2]         ; p3[3]       ; 12.356 ; 12.356 ; 12.356 ; 12.356 ;
; a[2]         ; p3[4]       ; 12.357 ; 12.357 ; 12.357 ; 12.357 ;
; a[2]         ; p3[5]       ; 12.357 ; 12.357 ; 12.357 ; 12.357 ;
; a[2]         ; p4[0]       ; 13.919 ; 13.919 ; 13.919 ; 13.919 ;
; a[2]         ; p4[3]       ; 14.187 ; 14.187 ; 14.187 ; 14.187 ;
; a[2]         ; p4[4]       ; 14.187 ; 14.187 ; 14.187 ; 14.187 ;
; a[2]         ; p4[5]       ; 14.208 ; 14.208 ; 14.208 ; 14.208 ;
; a[3]         ; p4[0]       ; 13.474 ; 13.474 ; 13.474 ; 13.474 ;
; a[3]         ; p4[3]       ; 13.742 ; 13.742 ; 13.742 ; 13.742 ;
; a[3]         ; p4[4]       ; 13.742 ; 13.742 ; 13.742 ; 13.742 ;
; a[3]         ; p4[5]       ; 13.763 ; 13.763 ; 13.763 ; 13.763 ;
; b[0]         ; p1[0]       ; 10.007 ; 10.007 ; 10.007 ; 10.007 ;
; b[0]         ; p1[3]       ; 10.235 ; 10.235 ; 10.235 ; 10.235 ;
; b[0]         ; p1[4]       ; 10.235 ; 10.235 ; 10.235 ; 10.235 ;
; b[0]         ; p1[5]       ; 10.233 ; 10.233 ; 10.233 ; 10.233 ;
; b[0]         ; p2[0]       ; 10.428 ; 10.428 ; 10.428 ; 10.428 ;
; b[0]         ; p2[3]       ; 10.254 ; 10.254 ; 10.254 ; 10.254 ;
; b[0]         ; p2[4]       ; 10.274 ; 10.274 ; 10.274 ; 10.274 ;
; b[0]         ; p2[5]       ; 10.253 ; 10.253 ; 10.253 ; 10.253 ;
; b[0]         ; p3[0]       ; 10.313 ; 10.313 ; 10.313 ; 10.313 ;
; b[0]         ; p3[3]       ; 10.286 ; 10.286 ; 10.286 ; 10.286 ;
; b[0]         ; p3[4]       ; 10.287 ; 10.287 ; 10.287 ; 10.287 ;
; b[0]         ; p3[5]       ; 10.287 ; 10.287 ; 10.287 ; 10.287 ;
; b[0]         ; p4[0]       ; 11.534 ; 11.534 ; 11.534 ; 11.534 ;
; b[0]         ; p4[3]       ; 11.802 ; 11.802 ; 11.802 ; 11.802 ;
; b[0]         ; p4[4]       ; 11.802 ; 11.802 ; 11.802 ; 11.802 ;
; b[0]         ; p4[5]       ; 11.823 ; 11.823 ; 11.823 ; 11.823 ;
; b[1]         ; p2[0]       ; 9.319  ; 9.319  ; 9.319  ; 9.319  ;
; b[1]         ; p2[3]       ; 9.145  ; 9.145  ; 9.145  ; 9.145  ;
; b[1]         ; p2[4]       ; 9.165  ; 9.165  ; 9.165  ; 9.165  ;
; b[1]         ; p2[5]       ; 9.144  ; 9.144  ; 9.144  ; 9.144  ;
; b[1]         ; p3[0]       ; 9.516  ; 9.516  ; 9.516  ; 9.516  ;
; b[1]         ; p3[3]       ; 9.489  ; 9.489  ; 9.489  ; 9.489  ;
; b[1]         ; p3[4]       ; 9.490  ; 9.490  ; 9.490  ; 9.490  ;
; b[1]         ; p3[5]       ; 9.490  ; 9.490  ; 9.490  ; 9.490  ;
; b[1]         ; p4[0]       ; 10.737 ; 10.737 ; 10.737 ; 10.737 ;
; b[1]         ; p4[3]       ; 11.005 ; 11.005 ; 11.005 ; 11.005 ;
; b[1]         ; p4[4]       ; 11.005 ; 11.005 ; 11.005 ; 11.005 ;
; b[1]         ; p4[5]       ; 11.026 ; 11.026 ; 11.026 ; 11.026 ;
; b[2]         ; p3[0]       ; 9.371  ; 9.371  ; 9.371  ; 9.371  ;
; b[2]         ; p3[3]       ; 9.344  ; 9.344  ; 9.344  ; 9.344  ;
; b[2]         ; p3[4]       ; 9.345  ; 9.345  ; 9.345  ; 9.345  ;
; b[2]         ; p3[5]       ; 9.345  ; 9.345  ; 9.345  ; 9.345  ;
; b[2]         ; p4[0]       ; 10.908 ; 10.908 ; 10.908 ; 10.908 ;
; b[2]         ; p4[3]       ; 11.176 ; 11.176 ; 11.176 ; 11.176 ;
; b[2]         ; p4[4]       ; 11.176 ; 11.176 ; 11.176 ; 11.176 ;
; b[2]         ; p4[5]       ; 11.197 ; 11.197 ; 11.197 ; 11.197 ;
; b[3]         ; p4[0]       ; 10.501 ; 10.501 ; 10.501 ; 10.501 ;
; b[3]         ; p4[3]       ; 10.769 ; 10.769 ; 10.769 ; 10.769 ;
; b[3]         ; p4[4]       ; 10.769 ; 10.769 ; 10.769 ; 10.769 ;
; b[3]         ; p4[5]       ; 10.790 ; 10.790 ; 10.790 ; 10.790 ;
; selection[0] ; p1[0]       ; 10.107 ; 10.107 ; 10.107 ; 10.107 ;
; selection[0] ; p1[3]       ; 10.335 ; 10.335 ; 10.335 ; 10.335 ;
; selection[0] ; p1[4]       ; 10.335 ; 10.335 ; 10.335 ; 10.335 ;
; selection[0] ; p1[5]       ; 10.333 ; 10.333 ; 10.333 ; 10.333 ;
; selection[0] ; p2[0]       ; 10.696 ; 10.696 ; 10.696 ; 10.696 ;
; selection[0] ; p2[3]       ; 10.522 ; 10.522 ; 10.522 ; 10.522 ;
; selection[0] ; p2[4]       ; 10.542 ; 10.542 ; 10.542 ; 10.542 ;
; selection[0] ; p2[5]       ; 10.521 ; 10.521 ; 10.521 ; 10.521 ;
; selection[0] ; p3[0]       ; 10.526 ; 10.526 ; 10.526 ; 10.526 ;
; selection[0] ; p3[3]       ; 10.499 ; 10.499 ; 10.499 ; 10.499 ;
; selection[0] ; p3[4]       ; 10.500 ; 10.500 ; 10.500 ; 10.500 ;
; selection[0] ; p3[5]       ; 10.500 ; 10.500 ; 10.500 ; 10.500 ;
; selection[0] ; p4[0]       ; 11.863 ; 11.863 ; 11.863 ; 11.863 ;
; selection[0] ; p4[3]       ; 12.131 ; 12.131 ; 12.131 ; 12.131 ;
; selection[0] ; p4[4]       ; 12.131 ; 12.131 ; 12.131 ; 12.131 ;
; selection[0] ; p4[5]       ; 12.152 ; 12.152 ; 12.152 ; 12.152 ;
; selection[1] ; p1[0]       ; 9.454  ; 9.454  ; 9.454  ; 9.454  ;
; selection[1] ; p1[3]       ; 9.682  ; 9.682  ; 9.682  ; 9.682  ;
; selection[1] ; p1[4]       ; 9.682  ; 9.682  ; 9.682  ; 9.682  ;
; selection[1] ; p1[5]       ; 9.680  ; 9.680  ; 9.680  ; 9.680  ;
; selection[1] ; p2[0]       ; 10.606 ; 10.606 ; 10.606 ; 10.606 ;
; selection[1] ; p2[3]       ; 10.432 ; 10.432 ; 10.432 ; 10.432 ;
; selection[1] ; p2[4]       ; 10.452 ; 10.452 ; 10.452 ; 10.452 ;
; selection[1] ; p2[5]       ; 10.431 ; 10.431 ; 10.431 ; 10.431 ;
; selection[1] ; p3[0]       ; 9.678  ; 9.678  ; 9.678  ; 9.678  ;
; selection[1] ; p3[3]       ; 9.651  ; 9.651  ; 9.651  ; 9.651  ;
; selection[1] ; p3[4]       ; 9.652  ; 9.652  ; 9.652  ; 9.652  ;
; selection[1] ; p3[5]       ; 9.652  ; 9.652  ; 9.652  ; 9.652  ;
; selection[1] ; p4[0]       ; 11.344 ; 11.344 ; 11.344 ; 11.344 ;
; selection[1] ; p4[3]       ; 11.612 ; 11.612 ; 11.612 ; 11.612 ;
; selection[1] ; p4[4]       ; 11.612 ; 11.612 ; 11.612 ; 11.612 ;
; selection[1] ; p4[5]       ; 11.633 ; 11.633 ; 11.633 ; 11.633 ;
; selection[2] ; p1[0]       ; 9.326  ; 9.326  ; 9.326  ; 9.326  ;
; selection[2] ; p1[3]       ; 9.554  ; 9.554  ; 9.554  ; 9.554  ;
; selection[2] ; p1[4]       ; 9.554  ; 9.554  ; 9.554  ; 9.554  ;
; selection[2] ; p1[5]       ; 9.552  ; 9.552  ; 9.552  ; 9.552  ;
; selection[2] ; p2[0]       ; 10.475 ; 10.475 ; 10.475 ; 10.475 ;
; selection[2] ; p2[3]       ; 10.301 ; 10.301 ; 10.301 ; 10.301 ;
; selection[2] ; p2[4]       ; 10.321 ; 10.321 ; 10.321 ; 10.321 ;
; selection[2] ; p2[5]       ; 10.300 ; 10.300 ; 10.300 ; 10.300 ;
; selection[2] ; p3[0]       ; 9.547  ; 9.547  ; 9.547  ; 9.547  ;
; selection[2] ; p3[3]       ; 9.520  ; 9.520  ; 9.520  ; 9.520  ;
; selection[2] ; p3[4]       ; 9.521  ; 9.521  ; 9.521  ; 9.521  ;
; selection[2] ; p3[5]       ; 9.521  ; 9.521  ; 9.521  ; 9.521  ;
; selection[2] ; p4[0]       ; 11.213 ; 11.213 ; 11.213 ; 11.213 ;
; selection[2] ; p4[3]       ; 11.481 ; 11.481 ; 11.481 ; 11.481 ;
; selection[2] ; p4[4]       ; 11.481 ; 11.481 ; 11.481 ; 11.481 ;
; selection[2] ; p4[5]       ; 11.502 ; 11.502 ; 11.502 ; 11.502 ;
+--------------+-------------+--------+--------+--------+--------+


+------------------------------------------------------------+
; Minimum Progagation Delay                                  ;
+--------------+-------------+-------+-------+-------+-------+
; Input Port   ; Output Port ; RR    ; RF    ; FR    ; FF    ;
+--------------+-------------+-------+-------+-------+-------+
; a[0]         ; p1[0]       ; 6.349 ; 6.360 ; 6.360 ; 6.349 ;
; a[0]         ; p1[3]       ; 6.457 ; 6.468 ; 6.468 ; 6.457 ;
; a[0]         ; p1[4]       ; 6.457 ; 6.468 ; 6.468 ; 6.457 ;
; a[0]         ; p1[5]       ; 6.454 ; 6.465 ; 6.465 ; 6.454 ;
; a[0]         ; p2[0]       ; 6.989 ; 6.989 ; 6.989 ; 6.989 ;
; a[0]         ; p2[3]       ; 6.853 ; 6.853 ; 6.853 ; 6.853 ;
; a[0]         ; p2[4]       ; 6.873 ; 6.873 ; 6.873 ; 6.873 ;
; a[0]         ; p2[5]       ; 6.855 ; 6.855 ; 6.855 ; 6.855 ;
; a[0]         ; p3[0]       ; 6.930 ; 6.930 ; 6.930 ; 6.930 ;
; a[0]         ; p3[3]       ; 6.917 ; 6.917 ; 6.917 ; 6.917 ;
; a[0]         ; p3[4]       ; 6.908 ; 6.908 ; 6.908 ; 6.908 ;
; a[0]         ; p3[5]       ; 6.908 ; 6.908 ; 6.908 ; 6.908 ;
; a[0]         ; p4[0]       ; 7.410 ; 7.410 ; 7.410 ; 7.410 ;
; a[0]         ; p4[3]       ; 7.531 ; 7.531 ; 7.531 ; 7.531 ;
; a[0]         ; p4[4]       ; 7.531 ; 7.531 ; 7.531 ; 7.531 ;
; a[0]         ; p4[5]       ; 7.539 ; 7.539 ; 7.539 ; 7.539 ;
; a[1]         ; p2[0]       ; 6.608 ; 6.836 ; 6.836 ; 6.608 ;
; a[1]         ; p2[3]       ; 6.472 ; 6.700 ; 6.700 ; 6.472 ;
; a[1]         ; p2[4]       ; 6.492 ; 6.720 ; 6.720 ; 6.492 ;
; a[1]         ; p2[5]       ; 6.474 ; 6.702 ; 6.702 ; 6.474 ;
; a[1]         ; p3[0]       ; 6.890 ; 6.890 ; 6.890 ; 6.890 ;
; a[1]         ; p3[3]       ; 6.877 ; 6.877 ; 6.877 ; 6.877 ;
; a[1]         ; p3[4]       ; 6.868 ; 6.868 ; 6.868 ; 6.868 ;
; a[1]         ; p3[5]       ; 6.868 ; 6.868 ; 6.868 ; 6.868 ;
; a[1]         ; p4[0]       ; 7.370 ; 7.370 ; 7.370 ; 7.370 ;
; a[1]         ; p4[3]       ; 7.491 ; 7.491 ; 7.491 ; 7.491 ;
; a[1]         ; p4[4]       ; 7.491 ; 7.491 ; 7.491 ; 7.491 ;
; a[1]         ; p4[5]       ; 7.499 ; 7.499 ; 7.499 ; 7.499 ;
; a[2]         ; p3[0]       ; 6.548 ; 6.586 ; 6.586 ; 6.548 ;
; a[2]         ; p3[3]       ; 6.535 ; 6.573 ; 6.573 ; 6.535 ;
; a[2]         ; p3[4]       ; 6.526 ; 6.564 ; 6.564 ; 6.526 ;
; a[2]         ; p3[5]       ; 6.526 ; 6.564 ; 6.564 ; 6.526 ;
; a[2]         ; p4[0]       ; 7.290 ; 7.290 ; 7.290 ; 7.290 ;
; a[2]         ; p4[3]       ; 7.411 ; 7.411 ; 7.411 ; 7.411 ;
; a[2]         ; p4[4]       ; 7.411 ; 7.411 ; 7.411 ; 7.411 ;
; a[2]         ; p4[5]       ; 7.419 ; 7.419 ; 7.419 ; 7.419 ;
; a[3]         ; p4[0]       ; 6.879 ; 7.055 ; 7.055 ; 6.879 ;
; a[3]         ; p4[3]       ; 7.000 ; 7.176 ; 7.176 ; 7.000 ;
; a[3]         ; p4[4]       ; 7.000 ; 7.176 ; 7.176 ; 7.000 ;
; a[3]         ; p4[5]       ; 7.008 ; 7.184 ; 7.184 ; 7.008 ;
; b[0]         ; p1[0]       ; 4.173 ; 4.477 ; 4.477 ; 4.173 ;
; b[0]         ; p1[3]       ; 4.281 ; 4.585 ; 4.585 ; 4.281 ;
; b[0]         ; p1[4]       ; 4.281 ; 4.585 ; 4.585 ; 4.281 ;
; b[0]         ; p1[5]       ; 4.278 ; 4.582 ; 4.582 ; 4.278 ;
; b[0]         ; p2[0]       ; 5.201 ; 5.201 ; 5.201 ; 5.201 ;
; b[0]         ; p2[3]       ; 5.065 ; 5.065 ; 5.065 ; 5.065 ;
; b[0]         ; p2[4]       ; 5.085 ; 5.085 ; 5.085 ; 5.085 ;
; b[0]         ; p2[5]       ; 5.067 ; 5.067 ; 5.067 ; 5.067 ;
; b[0]         ; p3[0]       ; 5.142 ; 5.142 ; 5.142 ; 5.142 ;
; b[0]         ; p3[3]       ; 5.129 ; 5.129 ; 5.129 ; 5.129 ;
; b[0]         ; p3[4]       ; 5.120 ; 5.120 ; 5.120 ; 5.120 ;
; b[0]         ; p3[5]       ; 5.120 ; 5.120 ; 5.120 ; 5.120 ;
; b[0]         ; p4[0]       ; 5.622 ; 5.622 ; 5.622 ; 5.622 ;
; b[0]         ; p4[3]       ; 5.743 ; 5.743 ; 5.743 ; 5.743 ;
; b[0]         ; p4[4]       ; 5.743 ; 5.743 ; 5.743 ; 5.743 ;
; b[0]         ; p4[5]       ; 5.751 ; 5.751 ; 5.751 ; 5.751 ;
; b[1]         ; p2[0]       ; 4.239 ; 4.317 ; 4.317 ; 4.239 ;
; b[1]         ; p2[3]       ; 4.103 ; 4.181 ; 4.181 ; 4.103 ;
; b[1]         ; p2[4]       ; 4.123 ; 4.201 ; 4.201 ; 4.123 ;
; b[1]         ; p2[5]       ; 4.105 ; 4.183 ; 4.183 ; 4.105 ;
; b[1]         ; p3[0]       ; 4.725 ; 4.725 ; 4.725 ; 4.725 ;
; b[1]         ; p3[3]       ; 4.712 ; 4.712 ; 4.712 ; 4.712 ;
; b[1]         ; p3[4]       ; 4.703 ; 4.703 ; 4.703 ; 4.703 ;
; b[1]         ; p3[5]       ; 4.703 ; 4.703 ; 4.703 ; 4.703 ;
; b[1]         ; p4[0]       ; 5.205 ; 5.205 ; 5.205 ; 5.205 ;
; b[1]         ; p4[3]       ; 5.326 ; 5.326 ; 5.326 ; 5.326 ;
; b[1]         ; p4[4]       ; 5.326 ; 5.326 ; 5.326 ; 5.326 ;
; b[1]         ; p4[5]       ; 5.334 ; 5.334 ; 5.334 ; 5.334 ;
; b[2]         ; p3[0]       ; 4.193 ; 4.344 ; 4.344 ; 4.193 ;
; b[2]         ; p3[3]       ; 4.180 ; 4.331 ; 4.331 ; 4.180 ;
; b[2]         ; p3[4]       ; 4.171 ; 4.322 ; 4.322 ; 4.171 ;
; b[2]         ; p3[5]       ; 4.171 ; 4.322 ; 4.322 ; 4.171 ;
; b[2]         ; p4[0]       ; 5.292 ; 5.292 ; 5.292 ; 5.292 ;
; b[2]         ; p4[3]       ; 5.413 ; 5.413 ; 5.413 ; 5.413 ;
; b[2]         ; p4[4]       ; 5.413 ; 5.413 ; 5.413 ; 5.413 ;
; b[2]         ; p4[5]       ; 5.421 ; 5.421 ; 5.421 ; 5.421 ;
; b[3]         ; p4[0]       ; 4.646 ; 4.761 ; 4.761 ; 4.646 ;
; b[3]         ; p4[3]       ; 4.767 ; 4.882 ; 4.882 ; 4.767 ;
; b[3]         ; p4[4]       ; 4.767 ; 4.882 ; 4.882 ; 4.767 ;
; b[3]         ; p4[5]       ; 4.775 ; 4.890 ; 4.890 ; 4.775 ;
; selection[0] ; p1[0]       ; 4.123 ; 4.123 ; 4.123 ; 4.123 ;
; selection[0] ; p1[3]       ; 4.222 ; 4.222 ; 4.222 ; 4.222 ;
; selection[0] ; p1[4]       ; 4.222 ; 4.222 ; 4.222 ; 4.222 ;
; selection[0] ; p1[5]       ; 4.217 ; 4.217 ; 4.217 ; 4.217 ;
; selection[0] ; p2[0]       ; 4.339 ; 4.339 ; 4.339 ; 4.339 ;
; selection[0] ; p2[3]       ; 4.466 ; 4.466 ; 4.466 ; 4.466 ;
; selection[0] ; p2[4]       ; 4.486 ; 4.486 ; 4.486 ; 4.486 ;
; selection[0] ; p2[5]       ; 4.492 ; 4.492 ; 4.492 ; 4.492 ;
; selection[0] ; p3[0]       ; 4.512 ; 4.512 ; 4.512 ; 4.512 ;
; selection[0] ; p3[3]       ; 4.543 ; 4.543 ; 4.543 ; 4.543 ;
; selection[0] ; p3[4]       ; 4.495 ; 4.495 ; 4.495 ; 4.495 ;
; selection[0] ; p3[5]       ; 4.495 ; 4.495 ; 4.495 ; 4.495 ;
; selection[0] ; p4[0]       ; 4.475 ; 4.475 ; 4.475 ; 4.475 ;
; selection[0] ; p4[3]       ; 4.663 ; 4.663 ; 4.663 ; 4.663 ;
; selection[0] ; p4[4]       ; 4.663 ; 4.663 ; 4.663 ; 4.663 ;
; selection[0] ; p4[5]       ; 4.608 ; 4.608 ; 4.608 ; 4.608 ;
; selection[1] ; p1[0]       ; 3.956 ; 3.956 ; 3.956 ; 3.956 ;
; selection[1] ; p1[3]       ; 4.064 ; 4.064 ; 4.064 ; 4.064 ;
; selection[1] ; p1[4]       ; 4.064 ; 4.064 ; 4.064 ; 4.064 ;
; selection[1] ; p1[5]       ; 4.061 ; 4.061 ; 4.061 ; 4.061 ;
; selection[1] ; p2[0]       ; 4.309 ; 4.309 ; 4.309 ; 4.309 ;
; selection[1] ; p2[3]       ; 4.173 ; 4.173 ; 4.173 ; 4.173 ;
; selection[1] ; p2[4]       ; 4.193 ; 4.193 ; 4.193 ; 4.193 ;
; selection[1] ; p2[5]       ; 4.175 ; 4.175 ; 4.175 ; 4.175 ;
; selection[1] ; p3[0]       ; 4.306 ; 4.306 ; 4.306 ; 4.306 ;
; selection[1] ; p3[3]       ; 4.293 ; 4.293 ; 4.293 ; 4.293 ;
; selection[1] ; p3[4]       ; 4.284 ; 4.284 ; 4.284 ; 4.284 ;
; selection[1] ; p3[5]       ; 4.284 ; 4.284 ; 4.284 ; 4.284 ;
; selection[1] ; p4[0]       ; 4.446 ; 4.446 ; 4.446 ; 4.446 ;
; selection[1] ; p4[3]       ; 4.634 ; 4.634 ; 4.634 ; 4.634 ;
; selection[1] ; p4[4]       ; 4.634 ; 4.634 ; 4.634 ; 4.634 ;
; selection[1] ; p4[5]       ; 4.579 ; 4.579 ; 4.579 ; 4.579 ;
; selection[2] ; p1[0]       ; 3.895 ; 3.895 ; 3.895 ; 3.895 ;
; selection[2] ; p1[3]       ; 4.003 ; 4.003 ; 4.003 ; 4.003 ;
; selection[2] ; p1[4]       ; 4.003 ; 4.003 ; 4.003 ; 4.003 ;
; selection[2] ; p1[5]       ; 4.000 ; 4.000 ; 4.000 ; 4.000 ;
; selection[2] ; p2[0]       ; 4.231 ; 4.231 ; 4.231 ; 4.231 ;
; selection[2] ; p2[3]       ; 4.154 ; 4.154 ; 4.154 ; 4.154 ;
; selection[2] ; p2[4]       ; 4.174 ; 4.174 ; 4.174 ; 4.174 ;
; selection[2] ; p2[5]       ; 4.156 ; 4.156 ; 4.156 ; 4.156 ;
; selection[2] ; p3[0]       ; 4.138 ; 4.138 ; 4.138 ; 4.138 ;
; selection[2] ; p3[3]       ; 4.125 ; 4.125 ; 4.125 ; 4.125 ;
; selection[2] ; p3[4]       ; 4.116 ; 4.116 ; 4.116 ; 4.116 ;
; selection[2] ; p3[5]       ; 4.116 ; 4.116 ; 4.116 ; 4.116 ;
; selection[2] ; p4[0]       ; 4.367 ; 4.367 ; 4.367 ; 4.367 ;
; selection[2] ; p4[3]       ; 4.555 ; 4.555 ; 4.555 ; 4.555 ;
; selection[2] ; p4[4]       ; 4.555 ; 4.555 ; 4.555 ; 4.555 ;
; selection[2] ; p4[5]       ; 4.500 ; 4.500 ; 4.500 ; 4.500 ;
+--------------+-------------+-------+-------+-------+-------+


-------------------
; Clock Transfers ;
-------------------
Nothing to report.


---------------
; Report TCCS ;
---------------
No dedicated SERDES Transmitter circuitry present in device or used in design


---------------
; Report RSKM ;
---------------
No dedicated SERDES Receiver circuitry present in device or used in design


+------------------------------------------------+
; Unconstrained Paths                            ;
+---------------------------------+-------+------+
; Property                        ; Setup ; Hold ;
+---------------------------------+-------+------+
; Illegal Clocks                  ; 0     ; 0    ;
; Unconstrained Clocks            ; 0     ; 0    ;
; Unconstrained Input Ports       ; 11    ; 11   ;
; Unconstrained Input Port Paths  ; 128   ; 128  ;
; Unconstrained Output Ports      ; 16    ; 16   ;
; Unconstrained Output Port Paths ; 128   ; 128  ;
+---------------------------------+-------+------+


+------------------------------------+
; TimeQuest Timing Analyzer Messages ;
+------------------------------------+
Info: *******************************************************************
Info: Running Quartus II 64-Bit TimeQuest Timing Analyzer
    Info: Version 13.0.1 Build 232 06/12/2013 Service Pack 1 SJ Web Edition
    Info: Processing started: Thu Aug 29 16:37:16 2019
Info: Command: quartus_sta ula -c ula
Info: qsta_default_script.tcl version: #1
Warning (20028): Parallel compilation is not licensed and has been disabled
Info (21077): Low junction temperature is 0 degrees C
Info (21077): High junction temperature is 85 degrees C
Critical Warning (332012): Synopsys Design Constraints File file not found: 'ula.sdc'. A Synopsys Design Constraints File is required by the TimeQuest Timing Analyzer to get proper timing constraints. Without it, the Compiler will not properly optimize the design.
Info (332142): No user constrained base clocks found in the design. Calling "derive_clocks -period 1.0"
Info (332096): The command derive_clocks did not find any clocks to derive.  No clocks were created or changed.
Warning (332068): No clocks defined in design.
Info: Found TIMEQUEST_REPORT_SCRIPT_INCLUDE_DEFAULT_ANALYSIS = ON
Info (332159): No clocks to report
Info: Analyzing Slow Model
Info (332140): No fmax paths to report
Info (332140): No Setup paths to report
Info (332140): No Hold paths to report
Info (332140): No Recovery paths to report
Info (332140): No Removal paths to report
Info (332140): No Minimum Pulse Width paths to report
Info (332001): The selected device family is not supported by the report_metastability command.
Info: Analyzing Fast Model
Info (332142): No user constrained base clocks found in the design. Calling "derive_clocks -period 1.0"
Info (332096): The command derive_clocks did not find any clocks to derive.  No clocks were created or changed.
Warning (332068): No clocks defined in design.
Info (332140): No Setup paths to report
Info (332140): No Hold paths to report
Info (332140): No Recovery paths to report
Info (332140): No Removal paths to report
Info (332140): No Minimum Pulse Width paths to report
Info (332001): The selected device family is not supported by the report_metastability command.
Info (332102): Design is not fully constrained for setup requirements
Info (332102): Design is not fully constrained for hold requirements
Info: Quartus II 64-Bit TimeQuest Timing Analyzer was successful. 0 errors, 4 warnings
    Info: Peak virtual memory: 393 megabytes
    Info: Processing ended: Thu Aug 29 16:37:21 2019
    Info: Elapsed time: 00:00:05
    Info: Total CPU time (on all processors): 00:00:05


